16-May-26 21:03:43 - [INFO] - Reading config from app.ini...
16-May-26 21:03:43 - [INFO] - Found section [postgresql] data in app.ini.
16-May-26 21:03:43 - [INFO] - Reading config from app.ini...
16-May-26 21:03:43 - [INFO] - Found section [song_storage_config] data in app.ini.
16-May-26 21:03:43 - [INFO] - [FileService]: Base songs directory: 'songs'; Leaf directories: recording_dir('songs\recordings'), midi_dir('songs\midis'), tabs_dir('songs\tabs')
16-May-26 21:03:43 - [INFO] - Database DrChordDB already exists.
16-May-26 21:03:43 - [INFO] - Connecting to the database for creation (synced)...
16-May-26 21:03:43 - [INFO] - Created desired schema inside database 'DrChordDB'
16-May-26 21:03:43 - [INFO] - Disconnecting from the database (synced)...
16-May-26 21:04:06 - [INFO] - [UserService]: Getting user with email licentacristi@gmail.com...
16-May-26 21:04:06 - [INFO] - [UserRepository]: Connecting to DrChord database...
16-May-26 21:04:06 - [INFO] - Connecting a client to the database...
16-May-26 21:04:06 - [INFO] - [UserRepository]: Connected to DrChord database.
16-May-26 21:04:06 - [INFO] - [UserRepository]: Returned user with email licentacristi@gmail.com.
16-May-26 21:04:20 - [INFO] - [UserService]: Getting user with email licentacristi@gmail.com...
16-May-26 21:04:20 - [INFO] - [UserRepository]: Connecting to DrChord database...
16-May-26 21:04:20 - [INFO] - [UserRepository]: Connected to DrChord database.
16-May-26 21:04:20 - [INFO] - [UserRepository]: Returned user with email licentacristi@gmail.com.
16-May-26 21:04:33 - [INFO] - [UserService]: Authenticating user with email licentacristi@gmail.com...
16-May-26 21:04:33 - [INFO] - [UserRepository]: Connecting to DrChord database...
16-May-26 21:04:33 - [INFO] - [UserRepository]: Connected to DrChord database.
16-May-26 21:04:33 - [INFO] - [UserRepository]: Returned user with email licentacristi@gmail.com.
16-May-26 21:04:33 - [INFO] - [UserService]: Found user with email licentacristi@gmail.com...
16-May-26 21:04:33 - [INFO] - Verifying if the plaintext password and the hashed password are equal...
16-May-26 21:04:34 - [INFO] - The credentials for licentacristi@gmail.com and StrongPassword are correct.
16-May-26 21:04:34 - [INFO] - Creating JWT access token for user with email licentacristi@gmail.com...
16-May-26 21:04:34 - [INFO] - Reading config from app.ini...
16-May-26 21:04:34 - [INFO] - Found section [security] data in app.ini.
16-May-26 21:04:34 - [INFO] - Created JWT access token for user with email licentacristi@gmail.com...
16-May-26 21:04:34 - [INFO] - [UserService]: Authenticated user with email licentacristi@gmail.com.
16-May-26 21:04:48 - [INFO] - Getting user id from header...
16-May-26 21:04:48 - [INFO] - Getting user id from token eyJhbGciOiJIUzI1NiIsInR5cCI6IkpXVCJ9.eyJzdWIiOiI2IiwiZW1haWwiOiJsaWNlbnRhY3Jpc3RpQGdtYWlsLmNvbSIsImV4cCI6MTc3OTA1MTg3NH0.4asASc6gUZdARGAxHQQCM9IX3jm5tiWoJdpvNP6KPyM...
16-May-26 21:04:48 - [INFO] - Reading config from app.ini...
16-May-26 21:04:48 - [INFO] - Found section [security] data in app.ini.
16-May-26 21:04:48 - [INFO] - User id from token eyJhbGciOiJIUzI1NiIsInR5cCI6IkpXVCJ9.eyJzdWIiOiI2IiwiZW1haWwiOiJsaWNlbnRhY3Jpc3RpQGdtYWlsLmNvbSIsImV4cCI6MTc3OTA1MTg3NH0.4asASc6gUZdARGAxHQQCM9IX3jm5tiWoJdpvNP6KPyM is 6.
16-May-26 21:04:48 - [INFO] - [UserService]: Getting user with id 6...
16-May-26 21:04:48 - [INFO] - [UserRepository]: Connecting to DrChord database...
16-May-26 21:04:48 - [INFO] - [UserRepository]: Connected to DrChord database.
16-May-26 21:04:48 - [INFO] - [UserRepository]: Returned user with id 6.
16-May-26 21:04:58 - [INFO] - Getting user id from header...
16-May-26 21:04:58 - [INFO] - Getting user id from token eyJhbGciOiJIUzI1NiIsInR5cCI6IkpXVCJ9.eyJzdWIiOiI2IiwiZW1haWwiOiJsaWNlbnRhY3Jpc3RpQGdtYWlsLmNvbSIsImV4cCI6MTc3OTA1MTg3NH0.4asASc6gUZdARGAxHQQCM9IX3jm5tiWoJdpvNP6KPyM...
16-May-26 21:04:58 - [INFO] - Reading config from app.ini...
16-May-26 21:04:58 - [INFO] - Found section [security] data in app.ini.
16-May-26 21:04:58 - [INFO] - User id from token eyJhbGciOiJIUzI1NiIsInR5cCI6IkpXVCJ9.eyJzdWIiOiI2IiwiZW1haWwiOiJsaWNlbnRhY3Jpc3RpQGdtYWlsLmNvbSIsImV4cCI6MTc3OTA1MTg3NH0.4asASc6gUZdARGAxHQQCM9IX3jm5tiWoJdpvNP6KPyM is 6.
16-May-26 21:04:58 - [INFO] - [UserService]: Getting user with id 6...
16-May-26 21:04:58 - [INFO] - [UserRepository]: Connecting to DrChord database...
16-May-26 21:04:58 - [INFO] - [UserRepository]: Connected to DrChord database.
16-May-26 21:04:58 - [INFO] - [UserRepository]: Returned user with id 6.
16-May-26 21:05:10 - [INFO] - Getting user id from header...
16-May-26 21:05:10 - [INFO] - Getting user id from token eyJhbGciOiJIUzI1NiIsInR5cCI6IkpXVCJ9.eyJzdWIiOiI2IiwiZW1haWwiOiJsaWNlbnRhY3Jpc3RpQGdtYWlsLmNvbSIsImV4cCI6MTc3OTA1MTg3NH0.4asASc6gUZdARGAxHQQCM9IX3jm5tiWoJdpvNP6KPyM...
16-May-26 21:05:10 - [INFO] - Reading config from app.ini...
16-May-26 21:05:10 - [INFO] - Found section [security] data in app.ini.
16-May-26 21:05:10 - [INFO] - User id from token eyJhbGciOiJIUzI1NiIsInR5cCI6IkpXVCJ9.eyJzdWIiOiI2IiwiZW1haWwiOiJsaWNlbnRhY3Jpc3RpQGdtYWlsLmNvbSIsImV4cCI6MTc3OTA1MTg3NH0.4asASc6gUZdARGAxHQQCM9IX3jm5tiWoJdpvNP6KPyM is 6.
16-May-26 21:05:10 - [INFO] - [UserService]: Updating user with id 6...
16-May-26 21:05:10 - [INFO] - [UserRepository]: Connecting to DrChord database...
16-May-26 21:05:10 - [INFO] - [UserRepository]: Connected to DrChord database.
16-May-26 21:05:10 - [INFO] - [UserRepository]: Returned user with id 6.
16-May-26 21:05:10 - [INFO] - [UserService]: Found user with id 6. Updating...
16-May-26 21:05:10 - [INFO] - Updating user with email licentacristi@gmail.com.
16-May-26 21:05:10 - [INFO] - [UserRepository]: Validating User entity with id 6.
16-May-26 21:05:10 - [INFO] - Validating User: User 6: [Name: DrChord Updated | Email: licentacristi@gmail.com | Registered in: 2026-05-16 21:02:41.054867]
16-May-26 21:05:10 - [INFO] - Validating Email: licentacristi@gmail.com
16-May-26 21:05:10 - [INFO] - Valid Email: 'licentacristi@gmail.com'
16-May-26 21:05:10 - [INFO] - Validating Name: DrChord Updated
16-May-26 21:05:10 - [INFO] - Valid Name: 'DrChord Updated'
16-May-26 21:05:10 - [INFO] - Valid User: User 6: [Name: DrChord Updated | Email: licentacristi@gmail.com | Registered in: 2026-05-16 21:02:41.054867]
16-May-26 21:05:10 - [INFO] - [UserRepository]: User entity with id 6 is valid!
16-May-26 21:05:10 - [INFO] - [UserRepository]: Connecting to the DrChord Database...
16-May-26 21:05:10 - [INFO] - [UserRepository]: Connected to DrChord database.
16-May-26 21:05:10 - [INFO] - [UserRepository]: Updated user with id 6.
16-May-26 21:05:10 - [INFO] - Updated user with email licentacristi@gmail.com.
16-May-26 21:05:44 - [INFO] - Getting user id from header...
16-May-26 21:05:44 - [INFO] - Getting user id from token eyJhbGciOiJIUzI1NiIsInR5cCI6IkpXVCJ9.eyJzdWIiOiI2IiwiZW1haWwiOiJsaWNlbnRhY3Jpc3RpQGdtYWlsLmNvbSIsImV4cCI6MTc3OTA1MTg3NH0.4asASc6gUZdARGAxHQQCM9IX3jm5tiWoJdpvNP6KPyM...
16-May-26 21:05:44 - [INFO] - Reading config from app.ini...
16-May-26 21:05:44 - [INFO] - Found section [security] data in app.ini.
16-May-26 21:05:44 - [INFO] - User id from token eyJhbGciOiJIUzI1NiIsInR5cCI6IkpXVCJ9.eyJzdWIiOiI2IiwiZW1haWwiOiJsaWNlbnRhY3Jpc3RpQGdtYWlsLmNvbSIsImV4cCI6MTc3OTA1MTg3NH0.4asASc6gUZdARGAxHQQCM9IX3jm5tiWoJdpvNP6KPyM is 6.
16-May-26 21:05:44 - [INFO] - [SongService]: Verifying if there is an audio file for the song with name Test Riff...
16-May-26 21:05:44 - [INFO] - [SongService]: File presence checked.
16-May-26 21:05:44 - [INFO] - [SongService]: Checking audio file extension...
16-May-26 21:05:44 - [INFO] - [SongService]: Audio file extension checked.
16-May-26 21:05:44 - [INFO] - [SongService]: Saving audio file on the server...
16-May-26 21:05:44 - [INFO] - [FileService]: Saving recording file 'test_audio.mp3'...
16-May-26 21:05:44 - [INFO] - [FileService]: Saved recording file 'test_audio.mp3'.
16-May-26 21:05:44 - [INFO] - [SongService]: Audio file saved successfully on the server.
16-May-26 21:05:44 - [INFO] - [SongService]: Creating new song with name Test Riff...
16-May-26 21:05:44 - [INFO] - [SongRepository]: Validating Song entity with id -1.
16-May-26 21:05:44 - [INFO] - Validating Song: Song -1: [Name: Test Riff | Genre: Rock | Recorded on: 2026-05-16 21:05:44.825034 | MIDI Generated: no]
16-May-26 21:05:44 - [INFO] - Validating Name: Test Riff
16-May-26 21:05:44 - [INFO] - Valid Name: 'Test Riff'
16-May-26 21:05:44 - [INFO] - Validating Name: Rock
16-May-26 21:05:44 - [INFO] - Valid Name: 'Rock'
16-May-26 21:05:44 - [INFO] - Valid Song: Song -1: [Name: Test Riff | Genre: Rock | Recorded on: 2026-05-16 21:05:44.825034 | MIDI Generated: no]
16-May-26 21:05:44 - [INFO] - [SongRepository]: Song entity with id -1 is valid!
16-May-26 21:05:44 - [INFO] - [SongRepository]: Connecting to the DrChord Database...
16-May-26 21:05:44 - [INFO] - [SongRepository]: Connected to DrChord Database.
16-May-26 21:05:44 - [INFO] - [SongRepository]: Created song with id 10.
16-May-26 21:05:44 - [INFO] - [SongService]: Successfully created new song with name Test Riff.
16-May-26 21:06:13 - [INFO] - Getting user id from header...
16-May-26 21:06:13 - [INFO] - Getting user id from token eyJhbGciOiJIUzI1NiIsInR5cCI6IkpXVCJ9.eyJzdWIiOiI2IiwiZW1haWwiOiJsaWNlbnRhY3Jpc3RpQGdtYWlsLmNvbSIsImV4cCI6MTc3OTA1MTg3NH0.4asASc6gUZdARGAxHQQCM9IX3jm5tiWoJdpvNP6KPyM...
16-May-26 21:06:13 - [INFO] - Reading config from app.ini...
16-May-26 21:06:13 - [INFO] - Found section [security] data in app.ini.
16-May-26 21:06:13 - [INFO] - User id from token eyJhbGciOiJIUzI1NiIsInR5cCI6IkpXVCJ9.eyJzdWIiOiI2IiwiZW1haWwiOiJsaWNlbnRhY3Jpc3RpQGdtYWlsLmNvbSIsImV4cCI6MTc3OTA1MTg3NH0.4asASc6gUZdARGAxHQQCM9IX3jm5tiWoJdpvNP6KPyM is 6.
16-May-26 21:06:13 - [INFO] - [SongService]: Getting filtered songs for user 6...
16-May-26 21:06:13 - [INFO] - [SongRepository]: Connecting to the DrChord Database...
16-May-26 21:06:13 - [INFO] - [SongRepository]: Connected to DrChord Database.
16-May-26 21:06:13 - [INFO] - [SongRepository]: Fetching songs...
16-May-26 21:06:13 - [INFO] - [SongRepository]: Returned 1 filtered songs for the user with id 6.
16-May-26 21:06:27 - [INFO] - Getting user id from header...
16-May-26 21:06:27 - [INFO] - Getting user id from token eyJhbGciOiJIUzI1NiIsInR5cCI6IkpXVCJ9.eyJzdWIiOiI2IiwiZW1haWwiOiJsaWNlbnRhY3Jpc3RpQGdtYWlsLmNvbSIsImV4cCI6MTc3OTA1MTg3NH0.4asASc6gUZdARGAxHQQCM9IX3jm5tiWoJdpvNP6KPyM...
16-May-26 21:06:27 - [INFO] - Reading config from app.ini...
16-May-26 21:06:27 - [INFO] - Found section [security] data in app.ini.
16-May-26 21:06:27 - [INFO] - User id from token eyJhbGciOiJIUzI1NiIsInR5cCI6IkpXVCJ9.eyJzdWIiOiI2IiwiZW1haWwiOiJsaWNlbnRhY3Jpc3RpQGdtYWlsLmNvbSIsImV4cCI6MTc3OTA1MTg3NH0.4asASc6gUZdARGAxHQQCM9IX3jm5tiWoJdpvNP6KPyM is 6.
16-May-26 21:06:27 - [INFO] - [SongService]: Checking if the new name and genre are not empty...
16-May-26 21:06:27 - [INFO] - [SongService]: New name and genre check passed.
16-May-26 21:06:27 - [INFO] - [SongService]: Checking if there is a song with id 10 in the database...
16-May-26 21:06:27 - [INFO] - [SongRepository]: Connecting to the DrChord Database...
16-May-26 21:06:27 - [INFO] - [SongRepository]: Connected to DrChord Database.
16-May-26 21:06:27 - [INFO] - [SongRepository]: Returned the song with id 10.
16-May-26 21:06:27 - [INFO] - [SongService]: Song found.
16-May-26 21:06:27 - [INFO] - [SongService]: Updating song with id 10...
16-May-26 21:06:27 - [INFO] - [SongRepository]: Validating Song entity with id 10.
16-May-26 21:06:27 - [INFO] - Validating Song: Song 10: [Name: Awesome Riff | Genre: Jazz | Recorded on: 2026-05-16 21:05:44.825034 | MIDI Generated: no]
16-May-26 21:06:27 - [INFO] - Validating Name: Awesome Riff
16-May-26 21:06:27 - [INFO] - Valid Name: 'Awesome Riff'
16-May-26 21:06:27 - [INFO] - Validating Name: Jazz
16-May-26 21:06:27 - [INFO] - Valid Name: 'Jazz'
16-May-26 21:06:27 - [INFO] - Valid Song: Song 10: [Name: Awesome Riff | Genre: Jazz | Recorded on: 2026-05-16 21:05:44.825034 | MIDI Generated: no]
16-May-26 21:06:27 - [INFO] - [SongRepository]: Song entity with id 10 is valid!
16-May-26 21:06:27 - [INFO] - [SongRepository]: Connecting to the DrChord Database...
16-May-26 21:06:27 - [INFO] - [SongRepository]: Connected to DrChord Database.
16-May-26 21:06:27 - [INFO] - [SongRepository]: Updated song with id 10.
16-May-26 21:06:27 - [INFO] - [SongService]: Successfully updated song with id 10.
16-May-26 21:06:36 - [INFO] - Getting user id from header...
16-May-26 21:06:36 - [INFO] - Getting user id from token eyJhbGciOiJIUzI1NiIsInR5cCI6IkpXVCJ9.eyJzdWIiOiI2IiwiZW1haWwiOiJsaWNlbnRhY3Jpc3RpQGdtYWlsLmNvbSIsImV4cCI6MTc3OTA1MTg3NH0.4asASc6gUZdARGAxHQQCM9IX3jm5tiWoJdpvNP6KPyM...
16-May-26 21:06:36 - [INFO] - Reading config from app.ini...
16-May-26 21:06:36 - [INFO] - Found section [security] data in app.ini.
16-May-26 21:06:36 - [INFO] - User id from token eyJhbGciOiJIUzI1NiIsInR5cCI6IkpXVCJ9.eyJzdWIiOiI2IiwiZW1haWwiOiJsaWNlbnRhY3Jpc3RpQGdtYWlsLmNvbSIsImV4cCI6MTc3OTA1MTg3NH0.4asASc6gUZdARGAxHQQCM9IX3jm5tiWoJdpvNP6KPyM is 6.
16-May-26 21:06:36 - [INFO] - [SongService]: Checking if there exists a song with id 10 in the database...
16-May-26 21:06:36 - [INFO] - [SongRepository]: Connecting to the DrChord Database...
16-May-26 21:06:36 - [INFO] - [SongRepository]: Connected to DrChord Database.
16-May-26 21:06:36 - [INFO] - [SongRepository]: Returned the song with id 10.
16-May-26 21:06:36 - [INFO] - [SongService]: Song found.
16-May-26 21:06:36 - [INFO] - [SongService]: Triggering MIDI generation for song with id 10
16-May-26 21:06:36 - [INFO] - [InferenceService]: Running Audio to MIDI transcription process...
16-May-26 21:06:36 - [INFO] - [InferenceService]: Setting up Omnizart...
16-May-26 21:06:36 - [INFO] - [InferenceService]: Running Omnizart...
16-May-26 21:07:24 - [INFO] - [InferenceService]: Omnizart finished successfully.
16-May-26 21:07:24 - [INFO] - [InferenceService]: Audio to MIDI transcription process finished successfully.
16-May-26 21:07:24 - [INFO] - [SongService]: MIDI file created.
16-May-26 21:07:24 - [INFO] - [SongService]: Triggering Tab generation for song with id 10...
16-May-26 21:07:24 - [INFO] - [InferenceService]: Running MIDI to Text Tabs transcription process...
16-May-26 21:07:24 - [INFO] - Converting midi file songs\midis/4e33515b-82fe-4756-b493-1983450704cd.mid to a formatted tabs file.
16-May-26 21:07:26 - [INFO] - Reading tab file.
16-May-26 21:07:26 - [INFO] - Processing tabs.
16-May-26 21:07:26 - [INFO] - Tabs formatted. Writing to file.
16-May-26 21:07:26 - [INFO] - Writing formatted tabs file finished.
16-May-26 21:07:26 - [INFO] - Tabs file saved in songs\tabs\4e33515b-82fe-4756-b493-1983450704cd.txt.
16-May-26 21:07:26 - [INFO] - [InferenceService]: MIDI to Text Tabs transcription process finished successfully.
16-May-26 21:07:26 - [INFO] - [SongService]: Tab file created.
16-May-26 21:07:26 - [INFO] - [SongService]: Updating song data...
16-May-26 21:07:26 - [INFO] - [SongRepository]: Validating Song entity with id 10.
16-May-26 21:07:26 - [INFO] - Validating Song: Song 10: [Name: Awesome Riff | Genre: Jazz | Recorded on: 2026-05-16 21:05:44.825034 | MIDI Generated: yes]
16-May-26 21:07:26 - [INFO] - Validating Name: Awesome Riff
16-May-26 21:07:26 - [INFO] - Valid Name: 'Awesome Riff'
16-May-26 21:07:26 - [INFO] - Validating Name: Jazz
16-May-26 21:07:26 - [INFO] - Valid Name: 'Jazz'
16-May-26 21:07:26 - [INFO] - Valid Song: Song 10: [Name: Awesome Riff | Genre: Jazz | Recorded on: 2026-05-16 21:05:44.825034 | MIDI Generated: yes]
16-May-26 21:07:26 - [INFO] - [SongRepository]: Song entity with id 10 is valid!
16-May-26 21:07:26 - [INFO] - [SongRepository]: Connecting to the DrChord Database...
16-May-26 21:07:26 - [INFO] - [SongRepository]: Connected to DrChord Database.
16-May-26 21:07:26 - [INFO] - [SongRepository]: Updated song with id 10.
16-May-26 21:07:26 - [INFO] - [SongService]: Song with id 10 updated successfully.
16-May-26 21:07:26 - [INFO] - [ConnectionManager]: Sending message to user with id 6...
16-May-26 21:07:26 - [ERROR] - [ConnectionManager]: Failed to send message to user with id 6.
16-May-26 21:07:47 - [INFO] - Getting user id from header...
16-May-26 21:07:47 - [INFO] - Getting user id from token eyJhbGciOiJIUzI1NiIsInR5cCI6IkpXVCJ9.eyJzdWIiOiI2IiwiZW1haWwiOiJsaWNlbnRhY3Jpc3RpQGdtYWlsLmNvbSIsImV4cCI6MTc3OTA1MTg3NH0.4asASc6gUZdARGAxHQQCM9IX3jm5tiWoJdpvNP6KPyM...
16-May-26 21:07:47 - [INFO] - Reading config from app.ini...
16-May-26 21:07:47 - [INFO] - Found section [security] data in app.ini.
16-May-26 21:07:47 - [INFO] - User id from token eyJhbGciOiJIUzI1NiIsInR5cCI6IkpXVCJ9.eyJzdWIiOiI2IiwiZW1haWwiOiJsaWNlbnRhY3Jpc3RpQGdtYWlsLmNvbSIsImV4cCI6MTc3OTA1MTg3NH0.4asASc6gUZdARGAxHQQCM9IX3jm5tiWoJdpvNP6KPyM is 6.
16-May-26 21:07:47 - [INFO] - [SongService]: Finding song with id 10 on the server...
16-May-26 21:07:47 - [INFO] - [SongRepository]: Connecting to the DrChord Database...
16-May-26 21:07:47 - [INFO] - [SongRepository]: Connected to DrChord Database.
16-May-26 21:07:47 - [INFO] - [SongRepository]: Returned the song with id 10.
16-May-26 21:07:47 - [INFO] - [SongService]: Song with id 10 found on server.
16-May-26 21:07:47 - [INFO] - [SongService]: Checking if the song with id 10 has tabs generated on the server...
16-May-26 21:07:47 - [INFO] - [SongService]: Song with id 10 has tabs files on server.
16-May-26 21:07:47 - [INFO] - [SongService]: Reading tab bytes from text file...
16-May-26 21:07:47 - [INFO] - [SongService]: Reading tab bytes successful.
16-May-26 21:07:58 - [INFO] - Getting user id from header...
16-May-26 21:07:58 - [INFO] - Getting user id from token eyJhbGciOiJIUzI1NiIsInR5cCI6IkpXVCJ9.eyJzdWIiOiI2IiwiZW1haWwiOiJsaWNlbnRhY3Jpc3RpQGdtYWlsLmNvbSIsImV4cCI6MTc3OTA1MTg3NH0.4asASc6gUZdARGAxHQQCM9IX3jm5tiWoJdpvNP6KPyM...
16-May-26 21:07:58 - [INFO] - Reading config from app.ini...
16-May-26 21:07:58 - [INFO] - Found section [security] data in app.ini.
16-May-26 21:07:58 - [INFO] - User id from token eyJhbGciOiJIUzI1NiIsInR5cCI6IkpXVCJ9.eyJzdWIiOiI2IiwiZW1haWwiOiJsaWNlbnRhY3Jpc3RpQGdtYWlsLmNvbSIsImV4cCI6MTc3OTA1MTg3NH0.4asASc6gUZdARGAxHQQCM9IX3jm5tiWoJdpvNP6KPyM is 6.
16-May-26 21:07:58 - [INFO] - [SongService]: Finding song with id 10 on the server...
16-May-26 21:07:58 - [INFO] - [SongRepository]: Connecting to the DrChord Database...
16-May-26 21:07:58 - [INFO] - [SongRepository]: Connected to DrChord Database.
16-May-26 21:07:58 - [INFO] - [SongRepository]: Returned the song with id 10.
16-May-26 21:07:58 - [INFO] - [SongService]: Song found on server.
16-May-26 21:07:58 - [INFO] - [SongService]: Getting Tabs text file data from the server for song with id 10...
16-May-26 21:07:58 - [INFO] - [SongService]: Tabs text file found on the server for song with id 10.
16-May-26 21:07:58 - [INFO] - Creating PDF file...
16-May-26 21:07:58 - [INFO] - PDF file created at songs\tabs\4e33515b-82fe-4756-b493-1983450704cd.pdf.
16-May-26 21:07:58 - [INFO] - [SongService]: Tabs .pdf file found on the server for song with id 10.
16-May-26 21:08:53 - [INFO] - Getting user id from header...
16-May-26 21:08:53 - [INFO] - Getting user id from token eyJhbGciOiJIUzI1NiIsInR5cCI6IkpXVCJ9.eyJzdWIiOiI2IiwiZW1haWwiOiJsaWNlbnRhY3Jpc3RpQGdtYWlsLmNvbSIsImV4cCI6MTc3OTA1MTg3NH0.4asASc6gUZdARGAxHQQCM9IX3jm5tiWoJdpvNP6KPyM...
16-May-26 21:08:53 - [INFO] - Reading config from app.ini...
16-May-26 21:08:53 - [INFO] - Found section [security] data in app.ini.
16-May-26 21:08:53 - [INFO] - User id from token eyJhbGciOiJIUzI1NiIsInR5cCI6IkpXVCJ9.eyJzdWIiOiI2IiwiZW1haWwiOiJsaWNlbnRhY3Jpc3RpQGdtYWlsLmNvbSIsImV4cCI6MTc3OTA1MTg3NH0.4asASc6gUZdARGAxHQQCM9IX3jm5tiWoJdpvNP6KPyM is 6.
16-May-26 21:08:53 - [INFO] - [SongService]: Checking if there is a song with id 10 for the user with id 6 in the database...
16-May-26 21:08:53 - [INFO] - [SongRepository]: Connecting to the DrChord Database...
16-May-26 21:08:53 - [INFO] - [SongRepository]: Connected to DrChord Database.
16-May-26 21:08:53 - [INFO] - [SongRepository]: Returned the song with id 10.
16-May-26 21:08:53 - [INFO] - [SongService]: Song found.
16-May-26 21:08:53 - [INFO] - [SongService]: Deleting song with id 10...
16-May-26 21:08:53 - [INFO] - [SongRepository]: Connecting to DrChord Database...
16-May-26 21:08:53 - [INFO] - [SongRepository]: Connected to DrChord Database.
16-May-26 21:08:53 - [INFO] - [SongRepository]: Deleted song with id 10.
16-May-26 21:08:53 - [INFO] - [SongService]: Successfully deleted song with id 10.
16-May-26 21:08:53 - [INFO] - [SongService]: Deleting song recording, MIDI and Tabs files if they exist on the server...
16-May-26 21:08:53 - [INFO] - [FileService]: Deleting file 'recordings/4e33515b-82fe-4756-b493-1983450704cd.mp3'...
16-May-26 21:08:53 - [INFO] - [FileService]: Deleted file 'recordings/4e33515b-82fe-4756-b493-1983450704cd.mp3'.
16-May-26 21:08:53 - [INFO] - [FileService]: Deleting file 'midis/4e33515b-82fe-4756-b493-1983450704cd.mid'...
16-May-26 21:08:53 - [INFO] - [FileService]: Deleted file 'midis/4e33515b-82fe-4756-b493-1983450704cd.mid'.
16-May-26 21:08:53 - [INFO] - [FileService]: Deleting file 'tabs/4e33515b-82fe-4756-b493-1983450704cd.txt'...
16-May-26 21:08:53 - [INFO] - [FileService]: Deleted file 'tabs/4e33515b-82fe-4756-b493-1983450704cd.txt'.
16-May-26 21:08:53 - [INFO] - [FileService]: Deleting file 'tabs/4e33515b-82fe-4756-b493-1983450704cd.pdf'...
16-May-26 21:08:53 - [INFO] - [FileService]: Deleted file 'tabs/4e33515b-82fe-4756-b493-1983450704cd.pdf'.
16-May-26 21:08:53 - [INFO] - [FileService]: Deleting file 'tabs/4e33515b-82fe-4756-b493-1983450704cd.docx'...
16-May-26 21:08:53 - [INFO] - [FileService]: Failed to delete file 'tabs/4e33515b-82fe-4756-b493-1983450704cd.docx'.
16-May-26 21:08:53 - [INFO] - [FileService]: Deleting file 'tabs/4e33515b-82fe-4756-b493-1983450704cd.odt'...
16-May-26 21:08:53 - [INFO] - [FileService]: Failed to delete file 'tabs/4e33515b-82fe-4756-b493-1983450704cd.odt'.
16-May-26 21:08:53 - [INFO] - [SongService]: Song recording, MIDI and Tabs files deleted successfully.
16-May-26 21:08:59 - [INFO] - Getting user id from header...
16-May-26 21:08:59 - [INFO] - Getting user id from token eyJhbGciOiJIUzI1NiIsInR5cCI6IkpXVCJ9.eyJzdWIiOiI2IiwiZW1haWwiOiJsaWNlbnRhY3Jpc3RpQGdtYWlsLmNvbSIsImV4cCI6MTc3OTA1MTg3NH0.4asASc6gUZdARGAxHQQCM9IX3jm5tiWoJdpvNP6KPyM...
16-May-26 21:08:59 - [INFO] - Reading config from app.ini...
16-May-26 21:08:59 - [INFO] - Found section [security] data in app.ini.
16-May-26 21:08:59 - [INFO] - User id from token eyJhbGciOiJIUzI1NiIsInR5cCI6IkpXVCJ9.eyJzdWIiOiI2IiwiZW1haWwiOiJsaWNlbnRhY3Jpc3RpQGdtYWlsLmNvbSIsImV4cCI6MTc3OTA1MTg3NH0.4asASc6gUZdARGAxHQQCM9IX3jm5tiWoJdpvNP6KPyM is 6.
16-May-26 21:08:59 - [INFO] - [SongService]: Getting songs for user 6...
16-May-26 21:08:59 - [INFO] - [SongRepository]: Connecting to the DrChord Database...
16-May-26 21:08:59 - [INFO] - [SongRepository]: Connected to DrChord Database.
16-May-26 21:08:59 - [INFO] - [SongRepository]: Returned 0 songs for the user with id 6.
16-May-26 21:08:59 - [INFO] - [UserService]: Deleting user with id 6...
16-May-26 21:08:59 - [INFO] - [UserRepository]: Connecting to DrChord database...
16-May-26 21:08:59 - [INFO] - [UserRepository]: Connected to DrChord database.
16-May-26 21:08:59 - [INFO] - [UserRepository]: Deleted user with id 6.
16-May-26 21:08:59 - [INFO] - [UserService]: Deleted user with id 6.
16-May-26 21:09:07 - [INFO] - [UserService]: Getting user with email licentacristi@gmail.com...
16-May-26 21:09:07 - [INFO] - [UserRepository]: Connecting to DrChord database...
16-May-26 21:09:07 - [INFO] - [UserRepository]: Connected to DrChord database.
16-May-26 21:09:07 - [INFO] - [UserRepository]: Returned None.
16-May-26 21:09:07 - [INFO] - Configuring verification code email for licentacristi@gmail.com...
16-May-26 21:09:07 - [INFO] - Creating verification code email for licentacristi@gmail.com...
16-May-26 21:09:07 - [INFO] - Reading config from app.ini...
16-May-26 21:09:07 - [INFO] - Found section [email] data in app.ini.
16-May-26 21:09:07 - [INFO] - Sending verification code email to licentacristi@gmail.com...
16-May-26 21:09:09 - [INFO] - Verification code email sent to licentacristi@gmail.com.
16-May-26 21:09:38 - [INFO] - [UserService]: Registering user with email licentacristi@gmail.com...
16-May-26 21:09:38 - [INFO] - Encrypting user password...
16-May-26 21:09:38 - [INFO] - Encrypted user password.
16-May-26 21:09:38 - [INFO] - [UserService]: Creating user with email licentacristi@gmail.com...
16-May-26 21:09:38 - [INFO] - [UserRepository]: Validating User entity with id -1.
16-May-26 21:09:38 - [INFO] - Validating User: User -1: [Name: DrChord Tester | Email: licentacristi@gmail.com | Registered in: 2026-05-16 21:09:38.874887]
16-May-26 21:09:38 - [INFO] - Validating Email: licentacristi@gmail.com
16-May-26 21:09:38 - [INFO] - Valid Email: 'licentacristi@gmail.com'
16-May-26 21:09:38 - [INFO] - Validating Name: DrChord Tester
16-May-26 21:09:38 - [INFO] - Valid Name: 'DrChord Tester'
16-May-26 21:09:38 - [INFO] - Valid User: User -1: [Name: DrChord Tester | Email: licentacristi@gmail.com | Registered in: 2026-05-16 21:09:38.874887]
16-May-26 21:09:38 - [INFO] - [UserRepository]: User entity with id -1 is valid!
16-May-26 21:09:38 - [INFO] - [UserRepository]: Connecting to the DrChord Database...
16-May-26 21:09:38 - [INFO] - [UserRepository]: Connected to DrChord database.
16-May-26 21:09:38 - [INFO] - [UserRepository]: Created user with id 7.
16-May-26 21:09:38 - [INFO] - [UserService]: Created user with email licentacristi@gmail.com...
16-May-26 21:09:47 - [INFO] - [UserService]: Authenticating user with email licentacristi@gmail.com...
16-May-26 21:09:47 - [INFO] - [UserRepository]: Connecting to DrChord database...
16-May-26 21:09:47 - [INFO] - [UserRepository]: Connected to DrChord database.
16-May-26 21:09:47 - [INFO] - [UserRepository]: Returned user with email licentacristi@gmail.com.
16-May-26 21:09:47 - [INFO] - [UserService]: Found user with email licentacristi@gmail.com...
16-May-26 21:09:47 - [INFO] - Verifying if the plaintext password and the hashed password are equal...
16-May-26 21:09:47 - [INFO] - The credentials for licentacristi@gmail.com and StrongPassword are correct.
16-May-26 21:09:47 - [INFO] - Creating JWT access token for user with email licentacristi@gmail.com...
16-May-26 21:09:47 - [INFO] - Reading config from app.ini...
16-May-26 21:09:47 - [INFO] - Found section [security] data in app.ini.
16-May-26 21:09:47 - [INFO] - Created JWT access token for user with email licentacristi@gmail.com...
16-May-26 21:09:47 - [INFO] - [UserService]: Authenticated user with email licentacristi@gmail.com.
16-May-26 21:09:56 - [INFO] - Getting user id from header...
16-May-26 21:09:56 - [INFO] - Getting user id from token eyJhbGciOiJIUzI1NiIsInR5cCI6IkpXVCJ9.eyJzdWIiOiI3IiwiZW1haWwiOiJsaWNlbnRhY3Jpc3RpQGdtYWlsLmNvbSIsImV4cCI6MTc3OTA1MjE4N30.405i9ZPmHhgKEKhKAk80CBDf3KzBcVvuiNXCoKHKdQ0...
16-May-26 21:09:56 - [INFO] - Reading config from app.ini...
16-May-26 21:09:56 - [INFO] - Found section [security] data in app.ini.
16-May-26 21:09:56 - [INFO] - User id from token eyJhbGciOiJIUzI1NiIsInR5cCI6IkpXVCJ9.eyJzdWIiOiI3IiwiZW1haWwiOiJsaWNlbnRhY3Jpc3RpQGdtYWlsLmNvbSIsImV4cCI6MTc3OTA1MjE4N30.405i9ZPmHhgKEKhKAk80CBDf3KzBcVvuiNXCoKHKdQ0 is 7.
16-May-26 21:09:56 - [INFO] - [UserService]: Getting user with id 7...
16-May-26 21:09:56 - [INFO] - [UserRepository]: Connecting to DrChord database...
16-May-26 21:09:56 - [INFO] - [UserRepository]: Connected to DrChord database.
16-May-26 21:09:56 - [INFO] - [UserRepository]: Returned user with id 7.
16-May-26 21:09:59 - [INFO] - Getting user id from header...
16-May-26 21:09:59 - [INFO] - Getting user id from token eyJhbGciOiJIUzI1NiIsInR5cCI6IkpXVCJ9.eyJzdWIiOiI3IiwiZW1haWwiOiJsaWNlbnRhY3Jpc3RpQGdtYWlsLmNvbSIsImV4cCI6MTc3OTA1MjE4N30.405i9ZPmHhgKEKhKAk80CBDf3KzBcVvuiNXCoKHKdQ0...
16-May-26 21:09:59 - [INFO] - Reading config from app.ini...
16-May-26 21:09:59 - [INFO] - Found section [security] data in app.ini.
16-May-26 21:09:59 - [INFO] - User id from token eyJhbGciOiJIUzI1NiIsInR5cCI6IkpXVCJ9.eyJzdWIiOiI3IiwiZW1haWwiOiJsaWNlbnRhY3Jpc3RpQGdtYWlsLmNvbSIsImV4cCI6MTc3OTA1MjE4N30.405i9ZPmHhgKEKhKAk80CBDf3KzBcVvuiNXCoKHKdQ0 is 7.
16-May-26 21:09:59 - [INFO] - [UserService]: Updating user with id 7...
16-May-26 21:09:59 - [INFO] - [UserRepository]: Connecting to DrChord database...
16-May-26 21:09:59 - [INFO] - [UserRepository]: Connected to DrChord database.
16-May-26 21:09:59 - [INFO] - [UserRepository]: Returned user with id 7.
16-May-26 21:09:59 - [INFO] - [UserService]: Found user with id 7. Updating...
16-May-26 21:09:59 - [INFO] - Updating user with email licentacristi@gmail.com.
16-May-26 21:09:59 - [INFO] - [UserRepository]: Validating User entity with id 7.
16-May-26 21:09:59 - [INFO] - Validating User: User 7: [Name: DrChord Updated | Email: licentacristi@gmail.com | Registered in: 2026-05-16 21:09:38.874887]
16-May-26 21:09:59 - [INFO] - Validating Email: licentacristi@gmail.com
16-May-26 21:09:59 - [INFO] - Valid Email: 'licentacristi@gmail.com'
16-May-26 21:09:59 - [INFO] - Validating Name: DrChord Updated
16-May-26 21:09:59 - [INFO] - Valid Name: 'DrChord Updated'
16-May-26 21:09:59 - [INFO] - Valid User: User 7: [Name: DrChord Updated | Email: licentacristi@gmail.com | Registered in: 2026-05-16 21:09:38.874887]
16-May-26 21:09:59 - [INFO] - [UserRepository]: User entity with id 7 is valid!
16-May-26 21:09:59 - [INFO] - [UserRepository]: Connecting to the DrChord Database...
16-May-26 21:09:59 - [INFO] - [UserRepository]: Connected to DrChord database.
16-May-26 21:09:59 - [INFO] - [UserRepository]: Updated user with id 7.
16-May-26 21:09:59 - [INFO] - Updated user with email licentacristi@gmail.com.
16-May-26 21:10:05 - [INFO] - Getting user id from header...
16-May-26 21:10:05 - [INFO] - Getting user id from token eyJhbGciOiJIUzI1NiIsInR5cCI6IkpXVCJ9.eyJzdWIiOiI3IiwiZW1haWwiOiJsaWNlbnRhY3Jpc3RpQGdtYWlsLmNvbSIsImV4cCI6MTc3OTA1MjE4N30.405i9ZPmHhgKEKhKAk80CBDf3KzBcVvuiNXCoKHKdQ0...
16-May-26 21:10:05 - [INFO] - Reading config from app.ini...
16-May-26 21:10:05 - [INFO] - Found section [security] data in app.ini.
16-May-26 21:10:05 - [INFO] - User id from token eyJhbGciOiJIUzI1NiIsInR5cCI6IkpXVCJ9.eyJzdWIiOiI3IiwiZW1haWwiOiJsaWNlbnRhY3Jpc3RpQGdtYWlsLmNvbSIsImV4cCI6MTc3OTA1MjE4N30.405i9ZPmHhgKEKhKAk80CBDf3KzBcVvuiNXCoKHKdQ0 is 7.
16-May-26 21:10:05 - [INFO] - [SongService]: Verifying if there is an audio file for the song with name Test Riff...
16-May-26 21:10:05 - [INFO] - [SongService]: File presence checked.
16-May-26 21:10:05 - [INFO] - [SongService]: Checking audio file extension...
16-May-26 21:10:05 - [INFO] - [SongService]: Audio file extension checked.
16-May-26 21:10:05 - [INFO] - [SongService]: Saving audio file on the server...
16-May-26 21:10:05 - [INFO] - [FileService]: Saving recording file 'test_audio.mp3'...
16-May-26 21:10:05 - [INFO] - [FileService]: Saved recording file 'test_audio.mp3'.
16-May-26 21:10:05 - [INFO] - [SongService]: Audio file saved successfully on the server.
16-May-26 21:10:05 - [INFO] - [SongService]: Creating new song with name Test Riff...
16-May-26 21:10:05 - [INFO] - [SongRepository]: Validating Song entity with id -1.
16-May-26 21:10:05 - [INFO] - Validating Song: Song -1: [Name: Test Riff | Genre: Rock | Recorded on: 2026-05-16 21:10:05.483092 | MIDI Generated: no]
16-May-26 21:10:05 - [INFO] - Validating Name: Test Riff
16-May-26 21:10:05 - [INFO] - Valid Name: 'Test Riff'
16-May-26 21:10:05 - [INFO] - Validating Name: Rock
16-May-26 21:10:05 - [INFO] - Valid Name: 'Rock'
16-May-26 21:10:05 - [INFO] - Valid Song: Song -1: [Name: Test Riff | Genre: Rock | Recorded on: 2026-05-16 21:10:05.483092 | MIDI Generated: no]
16-May-26 21:10:05 - [INFO] - [SongRepository]: Song entity with id -1 is valid!
16-May-26 21:10:05 - [INFO] - [SongRepository]: Connecting to the DrChord Database...
16-May-26 21:10:05 - [INFO] - [SongRepository]: Connected to DrChord Database.
16-May-26 21:10:05 - [INFO] - [SongRepository]: Created song with id 11.
16-May-26 21:10:05 - [INFO] - [SongService]: Successfully created new song with name Test Riff.
16-May-26 21:10:13 - [INFO] - Getting user id from header...
16-May-26 21:10:13 - [INFO] - Getting user id from token eyJhbGciOiJIUzI1NiIsInR5cCI6IkpXVCJ9.eyJzdWIiOiI3IiwiZW1haWwiOiJsaWNlbnRhY3Jpc3RpQGdtYWlsLmNvbSIsImV4cCI6MTc3OTA1MjE4N30.405i9ZPmHhgKEKhKAk80CBDf3KzBcVvuiNXCoKHKdQ0...
16-May-26 21:10:13 - [INFO] - Reading config from app.ini...
16-May-26 21:10:13 - [INFO] - Found section [security] data in app.ini.
16-May-26 21:10:13 - [INFO] - User id from token eyJhbGciOiJIUzI1NiIsInR5cCI6IkpXVCJ9.eyJzdWIiOiI3IiwiZW1haWwiOiJsaWNlbnRhY3Jpc3RpQGdtYWlsLmNvbSIsImV4cCI6MTc3OTA1MjE4N30.405i9ZPmHhgKEKhKAk80CBDf3KzBcVvuiNXCoKHKdQ0 is 7.
16-May-26 21:10:13 - [INFO] - [SongService]: Getting songs for user 7...
16-May-26 21:10:13 - [INFO] - [SongRepository]: Connecting to the DrChord Database...
16-May-26 21:10:13 - [INFO] - [SongRepository]: Connected to DrChord Database.
16-May-26 21:10:13 - [INFO] - [SongRepository]: Returned 1 songs for the user with id 7.
16-May-26 21:10:13 - [INFO] - [SongService]: Checking if there is a song with id 11 for the user with id 7 in the database...
16-May-26 21:10:13 - [INFO] - [SongRepository]: Connecting to the DrChord Database...
16-May-26 21:10:13 - [INFO] - [SongRepository]: Connected to DrChord Database.
16-May-26 21:10:13 - [INFO] - [SongRepository]: Returned the song with id 11.
16-May-26 21:10:13 - [INFO] - [SongService]: Song found.
16-May-26 21:10:13 - [INFO] - [SongService]: Deleting song with id 11...
16-May-26 21:10:13 - [INFO] - [SongRepository]: Connecting to DrChord Database...
16-May-26 21:10:13 - [INFO] - [SongRepository]: Connected to DrChord Database.
16-May-26 21:10:13 - [INFO] - [SongRepository]: Deleted song with id 11.
16-May-26 21:10:13 - [INFO] - [SongService]: Successfully deleted song with id 11.
16-May-26 21:10:13 - [INFO] - [SongService]: Deleting song recording, MIDI and Tabs files if they exist on the server...
16-May-26 21:10:13 - [INFO] - [FileService]: Deleting file 'recordings/c0f6ce2f-68f8-4688-b4be-4f7283b4fef3.mp3'...
16-May-26 21:10:13 - [INFO] - [FileService]: Deleted file 'recordings/c0f6ce2f-68f8-4688-b4be-4f7283b4fef3.mp3'.
16-May-26 21:10:13 - [INFO] - [SongService]: Song recording, MIDI and Tabs files deleted successfully.
16-May-26 21:10:13 - [INFO] - [SongService]: Getting songs for user 7...
16-May-26 21:10:13 - [INFO] - [SongRepository]: Connecting to the DrChord Database...
16-May-26 21:10:13 - [INFO] - [SongRepository]: Connected to DrChord Database.
16-May-26 21:10:13 - [INFO] - [SongRepository]: Returned 0 songs for the user with id 7.
16-May-26 21:10:13 - [INFO] - [UserService]: Deleting user with id 7...
16-May-26 21:10:13 - [INFO] - [UserRepository]: Connecting to DrChord database...
16-May-26 21:10:13 - [INFO] - [UserRepository]: Connected to DrChord database.
16-May-26 21:10:13 - [INFO] - [UserRepository]: Deleted user with id 7.
16-May-26 21:10:13 - [INFO] - [UserService]: Deleted user with id 7.
16-May-26 21:10:22 - [INFO] - Disconnecting from the database...
